{"C:\\Users\\ptpk2\\OneDrive\\Desktop\\delivery-app\\server\\app.js": {"path":"C:\\Users\\ptpk2\\OneDrive\\Desktop\\delivery-app\\server\\app.js","all":false,"statementMap":{"0":{"start":{"line":1,"column":0},"end":{"line":1,"column":68}},"1":{"start":{"line":2,"column":0},"end":{"line":2,"column":13}},"2":{"start":{"line":3,"column":0},"end":{"line":3,"column":68}},"3":{"start":{"line":4,"column":0},"end":{"line":4,"column":35}},"4":{"start":{"line":5,"column":0},"end":{"line":5,"column":31}},"5":{"start":{"line":6,"column":0},"end":{"line":6,"column":29}},"6":{"start":{"line":7,"column":0},"end":{"line":7,"column":35}},"7":{"start":{"line":8,"column":0},"end":{"line":8,"column":36}},"8":{"start":{"line":9,"column":0},"end":{"line":9,"column":62}},"9":{"start":{"line":10,"column":0},"end":{"line":10,"column":0}},"10":{"start":{"line":11,"column":0},"end":{"line":11,"column":68}},"11":{"start":{"line":12,"column":0},"end":{"line":12,"column":36}},"12":{"start":{"line":13,"column":0},"end":{"line":13,"column":68}},"13":{"start":{"line":14,"column":0},"end":{"line":14,"column":18}},"14":{"start":{"line":15,"column":0},"end":{"line":15,"column":117}},"15":{"start":{"line":16,"column":0},"end":{"line":16,"column":0}},"16":{"start":{"line":17,"column":0},"end":{"line":17,"column":56}},"17":{"start":{"line":18,"column":0},"end":{"line":18,"column":23}},"18":{"start":{"line":19,"column":0},"end":{"line":19,"column":48}},"19":{"start":{"line":20,"column":0},"end":{"line":20,"column":20}},"20":{"start":{"line":21,"column":0},"end":{"line":21,"column":55}},"21":{"start":{"line":22,"column":0},"end":{"line":22,"column":41}},"22":{"start":{"line":23,"column":0},"end":{"line":23,"column":42}},"23":{"start":{"line":24,"column":0},"end":{"line":24,"column":3}},"24":{"start":{"line":25,"column":0},"end":{"line":25,"column":0}},"25":{"start":{"line":26,"column":0},"end":{"line":26,"column":29}},"26":{"start":{"line":27,"column":0},"end":{"line":27,"column":22}},"27":{"start":{"line":28,"column":0},"end":{"line":28,"column":0}},"28":{"start":{"line":29,"column":0},"end":{"line":29,"column":68}},"29":{"start":{"line":30,"column":0},"end":{"line":30,"column":16}},"30":{"start":{"line":31,"column":0},"end":{"line":31,"column":68}},"31":{"start":{"line":32,"column":0},"end":{"line":32,"column":16}},"32":{"start":{"line":33,"column":0},"end":{"line":33,"column":24}},"33":{"start":{"line":34,"column":0},"end":{"line":34,"column":0}},"34":{"start":{"line":35,"column":0},"end":{"line":35,"column":68}},"35":{"start":{"line":36,"column":0},"end":{"line":36,"column":16}},"36":{"start":{"line":37,"column":0},"end":{"line":37,"column":68}},"37":{"start":{"line":38,"column":0},"end":{"line":38,"column":0}},"38":{"start":{"line":39,"column":0},"end":{"line":39,"column":22}},"39":{"start":{"line":40,"column":0},"end":{"line":40,"column":52}},"40":{"start":{"line":41,"column":0},"end":{"line":41,"column":41}},"41":{"start":{"line":42,"column":0},"end":{"line":42,"column":30}},"42":{"start":{"line":43,"column":0},"end":{"line":43,"column":85}},"43":{"start":{"line":44,"column":0},"end":{"line":44,"column":5}},"44":{"start":{"line":45,"column":0},"end":{"line":45,"column":9}},"45":{"start":{"line":46,"column":0},"end":{"line":46,"column":46}},"46":{"start":{"line":47,"column":0},"end":{"line":47,"column":64}},"47":{"start":{"line":48,"column":0},"end":{"line":48,"column":41}},"48":{"start":{"line":49,"column":0},"end":{"line":49,"column":91}},"49":{"start":{"line":50,"column":0},"end":{"line":50,"column":34}},"50":{"start":{"line":51,"column":0},"end":{"line":51,"column":10}},"51":{"start":{"line":52,"column":0},"end":{"line":52,"column":46}},"52":{"start":{"line":53,"column":0},"end":{"line":53,"column":19}},"53":{"start":{"line":54,"column":0},"end":{"line":54,"column":36}},"54":{"start":{"line":55,"column":0},"end":{"line":55,"column":78}},"55":{"start":{"line":56,"column":0},"end":{"line":56,"column":9}},"56":{"start":{"line":57,"column":0},"end":{"line":57,"column":35}},"57":{"start":{"line":58,"column":0},"end":{"line":58,"column":45}},"58":{"start":{"line":59,"column":0},"end":{"line":59,"column":5}},"59":{"start":{"line":60,"column":0},"end":{"line":60,"column":3}},"60":{"start":{"line":61,"column":0},"end":{"line":61,"column":0}},"61":{"start":{"line":62,"column":0},"end":{"line":62,"column":49}},"62":{"start":{"line":63,"column":0},"end":{"line":63,"column":41}},"63":{"start":{"line":64,"column":0},"end":{"line":64,"column":30}},"64":{"start":{"line":65,"column":0},"end":{"line":65,"column":85}},"65":{"start":{"line":66,"column":0},"end":{"line":66,"column":5}},"66":{"start":{"line":67,"column":0},"end":{"line":67,"column":9}},"67":{"start":{"line":68,"column":0},"end":{"line":68,"column":93}},"68":{"start":{"line":69,"column":0},"end":{"line":69,"column":43}},"69":{"start":{"line":70,"column":0},"end":{"line":70,"column":77}},"70":{"start":{"line":71,"column":0},"end":{"line":71,"column":9}},"71":{"start":{"line":72,"column":0},"end":{"line":72,"column":40}},"72":{"start":{"line":73,"column":0},"end":{"line":73,"column":75}},"73":{"start":{"line":74,"column":0},"end":{"line":74,"column":23}},"74":{"start":{"line":75,"column":0},"end":{"line":75,"column":77}},"75":{"start":{"line":76,"column":0},"end":{"line":76,"column":9}},"76":{"start":{"line":77,"column":0},"end":{"line":77,"column":50}},"77":{"start":{"line":78,"column":0},"end":{"line":78,"column":76}},"78":{"start":{"line":79,"column":0},"end":{"line":79,"column":31}},"79":{"start":{"line":80,"column":0},"end":{"line":80,"column":32}},"80":{"start":{"line":81,"column":0},"end":{"line":81,"column":11}},"81":{"start":{"line":82,"column":0},"end":{"line":82,"column":19}},"82":{"start":{"line":83,"column":0},"end":{"line":83,"column":35}},"83":{"start":{"line":84,"column":0},"end":{"line":84,"column":45}},"84":{"start":{"line":85,"column":0},"end":{"line":85,"column":5}},"85":{"start":{"line":86,"column":0},"end":{"line":86,"column":3}},"86":{"start":{"line":87,"column":0},"end":{"line":87,"column":0}},"87":{"start":{"line":88,"column":0},"end":{"line":88,"column":31}},"88":{"start":{"line":89,"column":0},"end":{"line":89,"column":45}},"89":{"start":{"line":90,"column":0},"end":{"line":90,"column":7}},"90":{"start":{"line":91,"column":0},"end":{"line":91,"column":61}},"91":{"start":{"line":92,"column":0},"end":{"line":92,"column":26}},"92":{"start":{"line":93,"column":0},"end":{"line":93,"column":17}},"93":{"start":{"line":94,"column":0},"end":{"line":94,"column":31}},"94":{"start":{"line":95,"column":0},"end":{"line":95,"column":41}},"95":{"start":{"line":96,"column":0},"end":{"line":96,"column":3}},"96":{"start":{"line":97,"column":0},"end":{"line":97,"column":3}},"97":{"start":{"line":98,"column":0},"end":{"line":98,"column":0}},"98":{"start":{"line":99,"column":0},"end":{"line":99,"column":61}},"99":{"start":{"line":100,"column":0},"end":{"line":100,"column":34}},"100":{"start":{"line":101,"column":0},"end":{"line":101,"column":7}},"101":{"start":{"line":102,"column":0},"end":{"line":102,"column":92}},"102":{"start":{"line":103,"column":0},"end":{"line":103,"column":26}},"103":{"start":{"line":104,"column":0},"end":{"line":104,"column":17}},"104":{"start":{"line":105,"column":0},"end":{"line":105,"column":31}},"105":{"start":{"line":106,"column":0},"end":{"line":106,"column":41}},"106":{"start":{"line":107,"column":0},"end":{"line":107,"column":3}},"107":{"start":{"line":108,"column":0},"end":{"line":108,"column":3}},"108":{"start":{"line":109,"column":0},"end":{"line":109,"column":0}},"109":{"start":{"line":110,"column":0},"end":{"line":110,"column":22}},"110":{"start":{"line":111,"column":0},"end":{"line":111,"column":18}},"111":{"start":{"line":112,"column":0},"end":{"line":112,"column":0}},"112":{"start":{"line":113,"column":0},"end":{"line":113,"column":49}},"113":{"start":{"line":114,"column":0},"end":{"line":114,"column":61}},"114":{"start":{"line":115,"column":0},"end":{"line":115,"column":60}},"115":{"start":{"line":116,"column":0},"end":{"line":116,"column":55}},"116":{"start":{"line":117,"column":0},"end":{"line":117,"column":46}},"117":{"start":{"line":118,"column":0},"end":{"line":118,"column":0}},"118":{"start":{"line":119,"column":0},"end":{"line":119,"column":42}},"119":{"start":{"line":120,"column":0},"end":{"line":120,"column":32}},"120":{"start":{"line":121,"column":0},"end":{"line":121,"column":0}},"121":{"start":{"line":122,"column":0},"end":{"line":122,"column":40}},"122":{"start":{"line":123,"column":0},"end":{"line":123,"column":0}},"123":{"start":{"line":124,"column":0},"end":{"line":124,"column":9}},"124":{"start":{"line":125,"column":0},"end":{"line":125,"column":36}},"125":{"start":{"line":126,"column":0},"end":{"line":126,"column":0}},"126":{"start":{"line":127,"column":0},"end":{"line":127,"column":57}},"127":{"start":{"line":128,"column":0},"end":{"line":128,"column":47}},"128":{"start":{"line":129,"column":0},"end":{"line":129,"column":66}},"129":{"start":{"line":130,"column":0},"end":{"line":130,"column":47}},"130":{"start":{"line":131,"column":0},"end":{"line":131,"column":48}},"131":{"start":{"line":132,"column":0},"end":{"line":132,"column":10}},"132":{"start":{"line":133,"column":0},"end":{"line":133,"column":47}},"133":{"start":{"line":134,"column":0},"end":{"line":134,"column":0}},"134":{"start":{"line":135,"column":0},"end":{"line":135,"column":73}},"135":{"start":{"line":136,"column":0},"end":{"line":136,"column":35}},"136":{"start":{"line":137,"column":0},"end":{"line":137,"column":39}},"137":{"start":{"line":138,"column":0},"end":{"line":138,"column":9}},"138":{"start":{"line":139,"column":0},"end":{"line":139,"column":0}},"139":{"start":{"line":140,"column":0},"end":{"line":140,"column":37}},"140":{"start":{"line":141,"column":0},"end":{"line":141,"column":82}},"141":{"start":{"line":142,"column":0},"end":{"line":142,"column":0}},"142":{"start":{"line":143,"column":0},"end":{"line":143,"column":17}},"143":{"start":{"line":144,"column":0},"end":{"line":144,"column":43}},"144":{"start":{"line":145,"column":0},"end":{"line":145,"column":15}},"145":{"start":{"line":146,"column":0},"end":{"line":146,"column":25}},"146":{"start":{"line":147,"column":0},"end":{"line":147,"column":5}},"147":{"start":{"line":148,"column":0},"end":{"line":148,"column":3}},"148":{"start":{"line":149,"column":0},"end":{"line":149,"column":0}},"149":{"start":{"line":150,"column":0},"end":{"line":150,"column":68}},"150":{"start":{"line":151,"column":0},"end":{"line":151,"column":18}},"151":{"start":{"line":152,"column":0},"end":{"line":152,"column":68}},"152":{"start":{"line":153,"column":0},"end":{"line":153,"column":59}}},"s":{"0":1,"1":1,"2":1,"3":1,"4":1,"5":1,"6":1,"7":1,"8":1,"9":1,"10":1,"11":1,"12":1,"13":1,"14":1,"15":1,"16":1,"17":1,"18":1,"19":1,"20":1,"21":1,"22":1,"23":1,"24":1,"25":1,"26":1,"27":1,"28":1,"29":1,"30":1,"31":1,"32":1,"33":1,"34":1,"35":1,"36":1,"37":1,"38":1,"39":1,"40":0,"41":0,"42":0,"43":0,"44":0,"45":0,"46":0,"47":0,"48":0,"49":0,"50":0,"51":0,"52":0,"53":0,"54":0,"55":0,"56":0,"57":0,"58":0,"59":1,"60":1,"61":1,"62":0,"63":0,"64":0,"65":0,"66":0,"67":0,"68":0,"69":0,"70":0,"71":0,"72":0,"73":0,"74":0,"75":0,"76":0,"77":0,"78":0,"79":0,"80":0,"81":0,"82":0,"83":0,"84":0,"85":1,"86":1,"87":1,"88":1,"89":1,"90":1,"91":1,"92":1,"93":0,"94":0,"95":0,"96":1,"97":1,"98":1,"99":0,"100":0,"101":0,"102":0,"103":0,"104":0,"105":0,"106":0,"107":1,"108":1,"109":1,"110":1,"111":1,"112":1,"113":1,"114":0,"115":0,"116":0,"117":0,"118":0,"119":0,"120":0,"121":0,"122":0,"123":0,"124":0,"125":0,"126":0,"127":0,"128":0,"129":0,"130":0,"131":0,"132":0,"133":0,"134":0,"135":0,"136":0,"137":0,"138":0,"139":0,"140":0,"141":0,"142":0,"143":0,"144":0,"145":0,"146":0,"147":1,"148":1,"149":1,"150":1,"151":1,"152":1},"branchMap":{"0":{"type":"branch","line":89,"loc":{"start":{"line":89,"column":24},"end":{"line":97,"column":2}},"locations":[{"start":{"line":89,"column":24},"end":{"line":97,"column":2}}]},"1":{"type":"branch","line":93,"loc":{"start":{"line":93,"column":4},"end":{"line":96,"column":3}},"locations":[{"start":{"line":93,"column":4},"end":{"line":96,"column":3}}]}},"b":{"0":[1],"1":[0]},"fnMap":{},"f":{}}
,"C:\\Users\\ptpk2\\OneDrive\\Desktop\\delivery-app\\server\\middleware\\authMiddleware.js": {"path":"C:\\Users\\ptpk2\\OneDrive\\Desktop\\delivery-app\\server\\middleware\\authMiddleware.js","all":false,"statementMap":{"0":{"start":{"line":1,"column":0},"end":{"line":1,"column":38}},"1":{"start":{"line":2,"column":0},"end":{"line":2,"column":36}},"2":{"start":{"line":3,"column":0},"end":{"line":3,"column":73}},"3":{"start":{"line":4,"column":0},"end":{"line":4,"column":0}},"4":{"start":{"line":5,"column":0},"end":{"line":5,"column":43}},"5":{"start":{"line":6,"column":0},"end":{"line":6,"column":30}},"6":{"start":{"line":7,"column":0},"end":{"line":7,"column":75}},"7":{"start":{"line":8,"column":0},"end":{"line":8,"column":0}},"8":{"start":{"line":9,"column":0},"end":{"line":9,"column":23}},"9":{"start":{"line":10,"column":0},"end":{"line":10,"column":15}},"10":{"start":{"line":11,"column":0},"end":{"line":11,"column":79}},"11":{"start":{"line":12,"column":0},"end":{"line":12,"column":3}},"12":{"start":{"line":13,"column":0},"end":{"line":13,"column":0}},"13":{"start":{"line":14,"column":0},"end":{"line":14,"column":17}},"14":{"start":{"line":15,"column":0},"end":{"line":15,"column":7}},"15":{"start":{"line":16,"column":0},"end":{"line":16,"column":50}},"16":{"start":{"line":17,"column":0},"end":{"line":17,"column":70}},"17":{"start":{"line":18,"column":0},"end":{"line":18,"column":75}},"18":{"start":{"line":19,"column":0},"end":{"line":19,"column":17}},"19":{"start":{"line":20,"column":0},"end":{"line":20,"column":60}},"20":{"start":{"line":21,"column":0},"end":{"line":21,"column":3}},"21":{"start":{"line":22,"column":0},"end":{"line":22,"column":2}}},"s":{"0":1,"1":1,"2":1,"3":1,"4":1,"5":0,"6":0,"7":0,"8":0,"9":0,"10":0,"11":0,"12":0,"13":0,"14":0,"15":0,"16":0,"17":0,"18":0,"19":0,"20":0,"21":0},"branchMap":{},"b":{},"fnMap":{"0":{"name":"module.exports","decl":{"start":{"line":5,"column":17},"end":{"line":22,"column":2}},"loc":{"start":{"line":5,"column":17},"end":{"line":22,"column":2}},"line":5}},"f":{"0":0}}
}
